Unity Editor version:    2022.3.62f3 (96770f904ca7)
Branch:                  2022.3/respin/2022.3.62f2-4af31df585-v2
Build type:              Release
Batch mode:              YES
macOS version:           Version 26.3 (Build 25D125)
Darwin version:          25.3.0
Architecture:            arm64
Running under Rosetta:   NO
Available memory:        16384 MB
[Licensing::Module] Trying to connect to existing licensing client channel...
[Licensing::IpcConnector] Successfully connected to: "LicenseClient-david" at "2026-04-15T16:17:19.271219Z"
[Licensing::Client] Code 10 while verifying Licensing Client signature (process Id: 8033, path: "/Applications/Unity/Hub/Editor/6000.3.8f1/Unity.app/Contents/Helpers/UnityLicensingClient.app/Contents/MacOS/Unity.Licensing.Client")
[Licensing::Module] LicensingClient has failed validation; ignoring
[Licensing::Client] Handshaking with LicensingClient:
  Version:                 1.17.4+4293ba1
  Session Id:              d29bd124718f4903ad2b8021156a30bc
  Correlation Id:          bf67003439f49e8eec0ebb025daef7ea
  External correlation Id: 8734101137633912664
  Machine Id:              joA41LaaRc4GTiyR2cC1jlE2FTA=
[Licensing::Module] Successfully connected to LicensingClient on channel: "LicenseClient-david" (connect: 0.00s, validation: 0.01s, handshake: 0.70s)
[Licensing::IpcConnector] Successfully connected to: "LicenseClient-david-notifications" at "2026-04-15T16:17:19.987262Z"
[Licensing::Module] Error: Access token is unavailable; failed to update
[Licensing::Client] Successfully updated license
[Licensing::Client] Successfully resolved entitlement details
[Licensing::Module] Serial number assigned to: "F4-4TVB-ZNTN-TTTJ-CJVU-XXXX"
[Licensing::Module] Serial number assigned to: "7972536310327-UnityPersXXXX"
Pro License: NO
[Licensing::Client] Successfully resolved entitlement details
[Licensing::Module] Serial number assigned to: "F4-4TVB-ZNTN-TTTJ-CJVU-XXXX"
[Licensing::Module] Serial number assigned to: "7972536310327-UnityPersXXXX"
Launching external process: /Applications/Unity/Hub/Editor/2022.3.62f3/Unity.app/Contents/Resources/PackageManager/Server/UnityPackageManager

COMMAND LINE ARGUMENTS:
/Applications/Unity/Hub/Editor/2022.3.62f3/Unity.app/Contents/MacOS/Unity
-batchmode
-nographics
-quit
-projectPath
/Users/david/Developer/MiniTransportTycoon/Mini Transport Tycoon
-runTests
-testPlatform
EditMode
-testResults
/Users/david/Developer/MiniTransportTycoon/test-results-editmode.xml
-logFile
/Users/david/Developer/MiniTransportTycoon/unity-editmode.log
Successfully changed project path to: /Users/david/Developer/MiniTransportTycoon/Mini Transport Tycoon
/Users/david/Developer/MiniTransportTycoon/Mini Transport Tycoon
[UnityMemory] Configuration Parameters - Can be set up in boot.config
    "memorysetup-bucket-allocator-granularity=16"
    "memorysetup-bucket-allocator-bucket-count=8"
    "memorysetup-bucket-allocator-block-size=33554432"
    "memorysetup-bucket-allocator-block-count=8"
    "memorysetup-main-allocator-block-size=16777216"
    "memorysetup-thread-allocator-block-size=16777216"
    "memorysetup-gfx-main-allocator-block-size=16777216"
    "memorysetup-gfx-thread-allocator-block-size=16777216"
    "memorysetup-cache-allocator-block-size=4194304"
    "memorysetup-typetree-allocator-block-size=2097152"
    "memorysetup-profiler-bucket-allocator-granularity=16"
    "memorysetup-profiler-bucket-allocator-bucket-count=8"
    "memorysetup-profiler-bucket-allocator-block-size=33554432"
    "memorysetup-profiler-bucket-allocator-block-count=8"
    "memorysetup-profiler-allocator-block-size=16777216"
    "memorysetup-profiler-editor-allocator-block-size=1048576"
    "memorysetup-temp-allocator-size-main=16777216"
    "memorysetup-job-temp-allocator-block-size=2097152"
    "memorysetup-job-temp-allocator-block-size-background=1048576"
    "memorysetup-job-temp-allocator-reduction-small-platforms=262144"
    "memorysetup-allocator-temp-initial-block-size-main=262144"
    "memorysetup-allocator-temp-initial-block-size-worker=262144"
    "memorysetup-temp-allocator-size-background-worker=32768"
    "memorysetup-temp-allocator-size-job-worker=262144"
    "memorysetup-temp-allocator-size-preload-manager=33554432"
    "memorysetup-temp-allocator-size-nav-mesh-worker=65536"
    "memorysetup-temp-allocator-size-audio-worker=65536"
    "memorysetup-temp-allocator-size-cloud-worker=32768"
    "memorysetup-temp-allocator-size-gi-baking-worker=262144"
    "memorysetup-temp-allocator-size-gfx=262144"
Player connection [8492085376]  Target information:

Player connection [8492085376]  * "[IP] 192.168.1.5 [Port] 55504 [Flags] 2 [Guid] 4222538449 [EditorId] 4222538449 [Version] 1048832 [Id] OSXEditor(0,Mac.home) [Debug] 1 [PackageName] OSXEditor [ProjectName] Editor" 

Player connection [8492085376] Host joined multi-casting on [225.0.0.222:54997]...
Player connection [8492085376] Host joined alternative multi-casting on [225.0.0.222:34997]...
Input System module state changed to: Initialized.
[PhysX] Initialized MultithreadedTaskDispatcher with 8 workers.
[Package Manager] UpmClient::Connect -- Connected to IPC stream "Upm-18616" after 0.9 seconds.
[Package Manager] Restoring resolved packages state from cache
[Licensing::Client] Successfully resolved entitlement details
[Package Manager] Registered 52 packages:
  Packages from [https://packages.unity.com]:
    com.unity.2d.pixel-perfect@5.1.0 (location: /Users/david/Developer/MiniTransportTycoon/Mini Transport Tycoon/Library/PackageCache/com.unity.2d.pixel-perfect@5.1.0)
    com.unity.ads@4.4.2 (location: /Users/david/Developer/MiniTransportTycoon/Mini Transport Tycoon/Library/PackageCache/com.unity.ads@4.4.2)
    com.unity.ai.navigation@1.1.6 (location: /Users/david/Developer/MiniTransportTycoon/Mini Transport Tycoon/Library/PackageCache/com.unity.ai.navigation@1.1.6)
    com.unity.analytics@3.8.1 (location: /Users/david/Developer/MiniTransportTycoon/Mini Transport Tycoon/Library/PackageCache/com.unity.analytics@3.8.1)
    com.unity.collab-proxy@2.7.1 (location: /Users/david/Developer/MiniTransportTycoon/Mini Transport Tycoon/Library/PackageCache/com.unity.collab-proxy@2.7.1)
    com.unity.ide.rider@3.0.36 (location: /Users/david/Developer/MiniTransportTycoon/Mini Transport Tycoon/Library/PackageCache/com.unity.ide.rider@3.0.36)
    com.unity.ide.visualstudio@2.0.22 (location: /Users/david/Developer/MiniTransportTycoon/Mini Transport Tycoon/Library/PackageCache/com.unity.ide.visualstudio@2.0.22)
    com.unity.ide.vscode@1.2.5 (location: /Users/david/Developer/MiniTransportTycoon/Mini Transport Tycoon/Library/PackageCache/com.unity.ide.vscode@1.2.5)
    com.unity.purchasing@4.11.0 (location: /Users/david/Developer/MiniTransportTycoon/Mini Transport Tycoon/Library/PackageCache/com.unity.purchasing@4.11.0)
    com.unity.test-framework@1.1.33 (location: /Users/david/Developer/MiniTransportTycoon/Mini Transport Tycoon/Library/PackageCache/com.unity.test-framework@1.1.33)
    com.unity.textmeshpro@3.0.7 (location: /Users/david/Developer/MiniTransportTycoon/Mini Transport Tycoon/Library/PackageCache/com.unity.textmeshpro@3.0.7)
    com.unity.timeline@1.7.7 (location: /Users/david/Developer/MiniTransportTycoon/Mini Transport Tycoon/Library/PackageCache/com.unity.timeline@1.7.7)
    com.unity.xr.legacyinputhelpers@2.1.12 (location: /Users/david/Developer/MiniTransportTycoon/Mini Transport Tycoon/Library/PackageCache/com.unity.xr.legacyinputhelpers@2.1.12)
    com.unity.ext.nunit@1.0.6 (location: /Users/david/Developer/MiniTransportTycoon/Mini Transport Tycoon/Library/PackageCache/com.unity.ext.nunit@1.0.6)
    com.unity.services.core@1.14.0 (location: /Users/david/Developer/MiniTransportTycoon/Mini Transport Tycoon/Library/PackageCache/com.unity.services.core@1.14.0)
    com.unity.services.analytics@6.0.3 (location: /Users/david/Developer/MiniTransportTycoon/Mini Transport Tycoon/Library/PackageCache/com.unity.services.analytics@6.0.3)
    com.unity.nuget.newtonsoft-json@3.2.1 (location: /Users/david/Developer/MiniTransportTycoon/Mini Transport Tycoon/Library/PackageCache/com.unity.nuget.newtonsoft-json@3.2.1)
  Built-in packages:
    com.unity.2d.sprite@1.0.0 (location: /Users/david/Developer/MiniTransportTycoon/Mini Transport Tycoon/Library/PackageCache/com.unity.2d.sprite@1.0.0)
    com.unity.2d.tilemap@1.0.0 (location: /Users/david/Developer/MiniTransportTycoon/Mini Transport Tycoon/Library/PackageCache/com.unity.2d.tilemap@1.0.0)
    com.unity.ugui@1.0.0 (location: /Users/david/Developer/MiniTransportTycoon/Mini Transport Tycoon/Library/PackageCache/com.unity.ugui@1.0.0)
    com.unity.modules.ai@1.0.0 (location: /Users/david/Developer/MiniTransportTycoon/Mini Transport Tycoon/Library/PackageCache/com.unity.modules.ai@1.0.0)
    com.unity.modules.androidjni@1.0.0 (location: /Users/david/Developer/MiniTransportTycoon/Mini Transport Tycoon/Library/PackageCache/com.unity.modules.androidjni@1.0.0)
    com.unity.modules.animation@1.0.0 (location: /Users/david/Developer/MiniTransportTycoon/Mini Transport Tycoon/Library/PackageCache/com.unity.modules.animation@1.0.0)
    com.unity.modules.assetbundle@1.0.0 (location: /Users/david/Developer/MiniTransportTycoon/Mini Transport Tycoon/Library/PackageCache/com.unity.modules.assetbundle@1.0.0)
    com.unity.modules.audio@1.0.0 (location: /Users/david/Developer/MiniTransportTycoon/Mini Transport Tycoon/Library/PackageCache/com.unity.modules.audio@1.0.0)
    com.unity.modules.cloth@1.0.0 (location: /Users/david/Developer/MiniTransportTycoon/Mini Transport Tycoon/Library/PackageCache/com.unity.modules.cloth@1.0.0)
    com.unity.modules.director@1.0.0 (location: /Users/david/Developer/MiniTransportTycoon/Mini Transport Tycoon/Library/PackageCache/com.unity.modules.director@1.0.0)
    com.unity.modules.imageconversion@1.0.0 (location: /Users/david/Developer/MiniTransportTycoon/Mini Transport Tycoon/Library/PackageCache/com.unity.modules.imageconversion@1.0.0)
    com.unity.modules.imgui@1.0.0 (location: /Users/david/Developer/MiniTransportTycoon/Mini Transport Tycoon/Library/PackageCache/com.unity.modules.imgui@1.0.0)
    com.unity.modules.jsonserialize@1.0.0 (location: /Users/david/Developer/MiniTransportTycoon/Mini Transport Tycoon/Library/PackageCache/com.unity.modules.jsonserialize@1.0.0)
    com.unity.modules.particlesystem@1.0.0 (location: /Users/david/Developer/MiniTransportTycoon/Mini Transport Tycoon/Library/PackageCache/com.unity.modules.particlesystem@1.0.0)
    com.unity.modules.physics@1.0.0 (location: /Users/david/Developer/MiniTransportTycoon/Mini Transport Tycoon/Library/PackageCache/com.unity.modules.physics@1.0.0)
    com.unity.modules.physics2d@1.0.0 (location: /Users/david/Developer/MiniTransportTycoon/Mini Transport Tycoon/Library/PackageCache/com.unity.modules.physics2d@1.0.0)
    com.unity.modules.screencapture@1.0.0 (location: /Users/david/Developer/MiniTransportTycoon/Mini Transport Tycoon/Library/PackageCache/com.unity.modules.screencapture@1.0.0)
    com.unity.modules.terrain@1.0.0 (location: /Users/david/Developer/MiniTransportTycoon/Mini Transport Tycoon/Library/PackageCache/com.unity.modules.terrain@1.0.0)
    com.unity.modules.terrainphysics@1.0.0 (location: /Users/david/Developer/MiniTransportTycoon/Mini Transport Tycoon/Library/PackageCache/com.unity.modules.terrainphysics@1.0.0)
    com.unity.modules.tilemap@1.0.0 (location: /Users/david/Developer/MiniTransportTycoon/Mini Transport Tycoon/Library/PackageCache/com.unity.modules.tilemap@1.0.0)
    com.unity.modules.ui@1.0.0 (location: /Users/david/Developer/MiniTransportTycoon/Mini Transport Tycoon/Library/PackageCache/com.unity.modules.ui@1.0.0)
    com.unity.modules.uielements@1.0.0 (location: /Users/david/Developer/MiniTransportTycoon/Mini Transport Tycoon/Library/PackageCache/com.unity.modules.uielements@1.0.0)
    com.unity.modules.umbra@1.0.0 (location: /Users/david/Developer/MiniTransportTycoon/Mini Transport Tycoon/Library/PackageCache/com.unity.modules.umbra@1.0.0)
    com.unity.modules.unityanalytics@1.0.0 (location: /Users/david/Developer/MiniTransportTycoon/Mini Transport Tycoon/Library/PackageCache/com.unity.modules.unityanalytics@1.0.0)
    com.unity.modules.unitywebrequest@1.0.0 (location: /Users/david/Developer/MiniTransportTycoon/Mini Transport Tycoon/Library/PackageCache/com.unity.modules.unitywebrequest@1.0.0)
    com.unity.modules.unitywebrequestassetbundle@1.0.0 (location: /Users/david/Developer/MiniTransportTycoon/Mini Transport Tycoon/Library/PackageCache/com.unity.modules.unitywebrequestassetbundle@1.0.0)
    com.unity.modules.unitywebrequestaudio@1.0.0 (location: /Users/david/Developer/MiniTransportTycoon/Mini Transport Tycoon/Library/PackageCache/com.unity.modules.unitywebrequestaudio@1.0.0)
    com.unity.modules.unitywebrequesttexture@1.0.0 (location: /Users/david/Developer/MiniTransportTycoon/Mini Transport Tycoon/Library/PackageCache/com.unity.modules.unitywebrequesttexture@1.0.0)
    com.unity.modules.unitywebrequestwww@1.0.0 (location: /Users/david/Developer/MiniTransportTycoon/Mini Transport Tycoon/Library/PackageCache/com.unity.modules.unitywebrequestwww@1.0.0)
    com.unity.modules.vehicles@1.0.0 (location: /Users/david/Developer/MiniTransportTycoon/Mini Transport Tycoon/Library/PackageCache/com.unity.modules.vehicles@1.0.0)
    com.unity.modules.video@1.0.0 (location: /Users/david/Developer/MiniTransportTycoon/Mini Transport Tycoon/Library/PackageCache/com.unity.modules.video@1.0.0)
    com.unity.modules.vr@1.0.0 (location: /Users/david/Developer/MiniTransportTycoon/Mini Transport Tycoon/Library/PackageCache/com.unity.modules.vr@1.0.0)
    com.unity.modules.wind@1.0.0 (location: /Users/david/Developer/MiniTransportTycoon/Mini Transport Tycoon/Library/PackageCache/com.unity.modules.wind@1.0.0)
    com.unity.modules.xr@1.0.0 (location: /Users/david/Developer/MiniTransportTycoon/Mini Transport Tycoon/Library/PackageCache/com.unity.modules.xr@1.0.0)
    com.unity.modules.subsystems@1.0.0 (location: /Users/david/Developer/MiniTransportTycoon/Mini Transport Tycoon/Library/PackageCache/com.unity.modules.subsystems@1.0.0)
[Subsystems] No new subsystems found in resolved package list.
Package Manager log level set to [2]
[Package Manager] Done registering packages in 0.52 seconds
Refreshing native plugins compatible for Editor in 23.56 ms, found 2 plugins.
Preloading 0 native plugins for Editor in 0.00 ms.
Initialize engine version: 2022.3.62f3 (96770f904ca7)
[Subsystems] Discovering subsystems at path /Applications/Unity/Hub/Editor/2022.3.62f3/Unity.app/Contents/Resources/UnitySubsystems
[Subsystems] Discovering subsystems at path /Users/david/Developer/MiniTransportTycoon/Mini Transport Tycoon/Assets
Forcing GfxDevice: Null
GfxDevice: creating device client; threaded=0; jobified=0
NullGfxDevice:
    Version:  NULL 1.0 [1.0]
    Renderer: Null Device
    Vendor:   Unity Technologies
[Licensing::Client] Successfully resolved entitlement details
[Licensing::Module] Serial number assigned to: "F4-4TVB-ZNTN-TTTJ-CJVU-XXXX"
[Licensing::Module] Serial number assigned to: "7972536310327-UnityPersXXXX"
Initialize mono
Mono path[0] = '/Applications/Unity/Hub/Editor/2022.3.62f3/Unity.app/Contents/Managed'
Mono path[1] = '/Applications/Unity/Hub/Editor/2022.3.62f3/Unity.app/Contents/MonoBleedingEdge/lib/mono/unityjit-macos'
Mono config path = '/Applications/Unity/Hub/Editor/2022.3.62f3/Unity.app/Contents/MonoBleedingEdge/etc'
Using monoOptions --debugger-agent=transport=dt_socket,embedding=1,server=y,suspend=n,address=127.0.0.1:56616
Using cacheserver namespaces - metadata:defaultmetadata, artifacts:defaultartifacts
Using cacheserver namespaces - metadata:defaultmetadata, artifacts:defaultartifacts
ImportWorker Server TCP listen port: 0
Begin MonoManager ReloadAssembly
Registering precompiled unity dll's ...
Register platform support module: /Applications/Unity/Hub/Editor/2022.3.62f3/Unity.app/Contents/PlaybackEngines/MacStandaloneSupport/UnityEditor.OSXStandalone.Extensions.dll
Register platform support module: /Applications/Unity/Hub/Editor/2022.3.62f3/PlaybackEngines/WindowsStandaloneSupport/UnityEditor.WindowsStandalone.Extensions.dll
Registered in 0.001794 seconds.
- Loaded All Assemblies, in  0.347 seconds
Native extension for WindowsStandalone target not found
Native extension for OSXStandalone target not found
Mono: successfully reloaded assembly
- Finished resetting the current domain, in  0.206 seconds
Domain Reload Profiling: 554ms
	BeginReloadAssembly (113ms)
		ExecutionOrderSort (0ms)
		DisableScriptedObjects (0ms)
		BackupInstance (0ms)
		ReleaseScriptingObjects (0ms)
		CreateAndSetChildDomain (1ms)
	RebuildCommonClasses (25ms)
	RebuildNativeTypeToScriptingClass (7ms)
	initialDomainReloadingComplete (71ms)
	LoadAllAssembliesAndSetupDomain (132ms)
		LoadAssemblies (113ms)
		RebuildTransferFunctionScriptingTraits (0ms)
		AnalyzeDomain (129ms)
			TypeCache.Refresh (128ms)
				TypeCache.ScanAssembly (90ms)
			ScanForSourceGeneratedMonoScriptInfo (0ms)
			ResolveRequiredComponents (1ms)
	FinalizeReload (207ms)
		ReleaseScriptCaches (0ms)
		RebuildScriptCaches (0ms)
		SetupLoadedEditorAssemblies (168ms)
			LogAssemblyErrors (0ms)
			InitializePlatformSupportModulesInManaged (6ms)
			SetLoadedEditorAssemblies (5ms)
			RefreshPlugins (0ms)
			BeforeProcessingInitializeOnLoad (2ms)
			ProcessInitializeOnLoadAttributes (117ms)
			ProcessInitializeOnLoadMethodAttributes (37ms)
			AfterProcessingInitializeOnLoad (0ms)
			EditorAssembliesLoaded (0ms)
		ExecutionOrderSort2 (0ms)
		AwakeInstancesAfterBackupRestoration (0ms)
[Licensing::Client] Successfully resolved entitlement details
[Licensing::Module] Serial number assigned to: "F4-4TVB-ZNTN-TTTJ-CJVU-XXXX"
[Licensing::Module] Serial number assigned to: "7972536310327-UnityPersXXXX"
Application.AssetDatabase Initial Refresh Start
[ScriptCompilation] Requested script compilation because: Assembly Definition File(s) changed
[ScriptCompilation] Requested script compilation because: Assetdatabase observed changes in script compilation related files
[40m[32minfo[39m[22m[49m: Microsoft.Hosting.Lifetime[14]
      Now listening on: http://unix:/tmp/ilpp.sock-ebe961a813b18bd6f1956b2117fab8ae
[40m[32minfo[39m[22m[49m: Microsoft.Hosting.Lifetime[0]
      Application started. Press Ctrl+C to shut down.
[40m[32minfo[39m[22m[49m: Microsoft.Hosting.Lifetime[0]
      Hosting environment: Production
[40m[32minfo[39m[22m[49m: Microsoft.Hosting.Lifetime[0]
      Content root path: /Users/david/Developer/MiniTransportTycoon/Mini Transport Tycoon/
[40m[32minfo[39m[22m[49m: Microsoft.AspNetCore.Hosting.Diagnostics[1]
      Request starting HTTP/2 POST http://ilpp/UnityILPP.PostProcessing/Ping application/grpc -
[40m[32minfo[39m[22m[49m: Microsoft.AspNetCore.Routing.EndpointMiddleware[0]
      Executing endpoint 'gRPC - /UnityILPP.PostProcessing/Ping'
[40m[32minfo[39m[22m[49m: Microsoft.AspNetCore.Routing.EndpointMiddleware[1]
      Executed endpoint 'gRPC - /UnityILPP.PostProcessing/Ping'
[40m[32minfo[39m[22m[49m: Microsoft.AspNetCore.Hosting.Diagnostics[2]
      Request finished HTTP/2 POST http://ilpp/UnityILPP.PostProcessing/Ping application/grpc - - 200 - application/grpc 62.0283ms
Starting: /Applications/Unity/Hub/Editor/2022.3.62f3/Unity.app/Contents/bee_backend --ipc --defer-dag-verification --dagfile="Library/Bee/200b0aE.dag" --continue-on-failure --profile="Library/Bee/backend1.traceevents" ScriptAssemblies
WorkingDir: /Users/david/Developer/MiniTransportTycoon/Mini Transport Tycoon
DisplayProgressbar: Compiling Scripts
ExitCode: 4 Duration: 0s81ms
Rebuilding DAG because FileSignature timestamp changed: Library/Bee/200b0aE-inputdata.json
*** Tundra requires additional run (0.07 seconds), 0 items updated, 348 evaluated
Starting: /Applications/Unity/Hub/Editor/2022.3.62f3/Unity.app/Contents/Tools/netcorerun/netcorerun "/Applications/Unity/Hub/Editor/2022.3.62f3/Unity.app/Contents/Tools/BuildPipeline/ScriptCompilationBuildProgram.exe" "Library/Bee/200b0aE.dag.json" "Library/Bee/200b0aE-inputdata.json" "Library/Bee/buildprogram0.traceevents"
WorkingDir: /Users/david/Developer/MiniTransportTycoon/Mini Transport Tycoon
ExitCode: 0 Duration: 0s592ms
Starting: /Applications/Unity/Hub/Editor/2022.3.62f3/Unity.app/Contents/bee_backend --ipc --defer-dag-verification --dagfile="Library/Bee/200b0aE.dag" --continue-on-failure --dagfilejson="Library/Bee/200b0aE.dag.json" --profile="Library/Bee/backend2.traceevents" ScriptAssemblies
WorkingDir: /Users/david/Developer/MiniTransportTycoon/Mini Transport Tycoon
ExitCode: 3 Duration: 2s146ms
Finished compiling graph: 648 nodes, 8704 flattened edges (7730 ToBuild, 124 ToUse), maximum node priority 491
[340/645    0s] WriteText Library/Bee/artifacts/200b0aE.dag/MiniTransportTycoon.EditModeTests.rsp2
[341/645    0s] WriteText Library/Bee/artifacts/200b0aE.dag/MiniTransportTycoon.EditModeTests.UnityAdditionalFile.txt
[342/645    0s] WriteText Library/Bee/artifacts/200b0aE.dag/MiniTransportTycoon.EditModeTests.dll.mvfrm.rsp
[343/645    0s] WriteText Library/Bee/artifacts/200b0aE.dag/MiniTransportTycoon.EditModeTests.rsp
[638/645    0s] MovedFromExtractorCombine Library/Bee/artifacts/200b0aE.dag/MiniTransportTycoon.EditModeTests.dll.mvfrm
[639/645    2s] Csc Library/Bee/artifacts/200b0aE.dag/Assembly-CSharp.dll (+2 others)
[640/645    0s] CopyFiles Library/ScriptAssemblies/Assembly-CSharp.pdb
[641/645    0s] CopyFiles Library/ScriptAssemblies/Assembly-CSharp.dll
[642/645    0s] Csc Library/Bee/artifacts/200b0aE.dag/MiniTransportTycoon.EditModeTests.dll (+2 others)
##### CommandLine
"/Applications/Unity/Hub/Editor/2022.3.62f3/Unity.app/Contents/NetCoreRuntime/dotnet" exec "/Applications/Unity/Hub/Editor/2022.3.62f3/Unity.app/Contents/DotNetSdkRoslyn/csc.dll" /nostdlib /noconfig /shared "@Library/Bee/artifacts/200b0aE.dag/MiniTransportTycoon.EditModeTests.rsp" "@Library/Bee/artifacts/200b0aE.dag/MiniTransportTycoon.EditModeTests.rsp2"
##### Contents of Library/Bee/artifacts/200b0aE.dag/MiniTransportTycoon.EditModeTests.rsp
-target:library
-out:"Library/Bee/artifacts/200b0aE.dag/MiniTransportTycoon.EditModeTests.dll"
-refout:"Library/Bee/artifacts/200b0aE.dag/MiniTransportTycoon.EditModeTests.ref.dll"
-define:UNITY_2022_3_62
-define:UNITY_2022_3
-define:UNITY_2022
-define:UNITY_5_3_OR_NEWER
-define:UNITY_5_4_OR_NEWER
-define:UNITY_5_5_OR_NEWER
-define:UNITY_5_6_OR_NEWER
-define:UNITY_2017_1_OR_NEWER
-define:UNITY_2017_2_OR_NEWER
-define:UNITY_2017_3_OR_NEWER
-define:UNITY_2017_4_OR_NEWER
-define:UNITY_2018_1_OR_NEWER
-define:UNITY_2018_2_OR_NEWER
-define:UNITY_2018_3_OR_NEWER
-define:UNITY_2018_4_OR_NEWER
-define:UNITY_2019_1_OR_NEWER
-define:UNITY_2019_2_OR_NEWER
-define:UNITY_2019_3_OR_NEWER
-define:UNITY_2019_4_OR_NEWER
-define:UNITY_2020_1_OR_NEWER
-define:UNITY_2020_2_OR_NEWER
-define:UNITY_2020_3_OR_NEWER
-define:UNITY_2021_1_OR_NEWER
-define:UNITY_2021_2_OR_NEWER
-define:UNITY_2021_3_OR_NEWER
-define:UNITY_2022_1_OR_NEWER
-define:UNITY_2022_2_OR_NEWER
-define:UNITY_2022_3_OR_NEWER
-define:PLATFORM_ARCH_64
-define:UNITY_64
-define:UNITY_INCLUDE_TESTS
-define:ENABLE_AR
-define:ENABLE_AUDIO
-define:ENABLE_CACHING
-define:ENABLE_CLOTH
-define:ENABLE_MICROPHONE
-define:ENABLE_MULTIPLE_DISPLAYS
-define:ENABLE_PHYSICS
-define:ENABLE_TEXTURE_STREAMING
-define:ENABLE_VIRTUALTEXTURING
-define:ENABLE_LZMA
-define:ENABLE_UNITYEVENTS
-define:ENABLE_VR
-define:ENABLE_WEBCAM
-define:ENABLE_UNITYWEBREQUEST
-define:ENABLE_WWW
-define:ENABLE_CLOUD_SERVICES
-define:ENABLE_CLOUD_SERVICES_ADS
-define:ENABLE_CLOUD_SERVICES_USE_WEBREQUEST
-define:ENABLE_CLOUD_SERVICES_CRASH_REPORTING
-define:ENABLE_CLOUD_SERVICES_NATIVE_CRASH_REPORTING
-define:ENABLE_CLOUD_SERVICES_PURCHASING
-define:ENABLE_CLOUD_SERVICES_ANALYTICS
-define:ENABLE_CLOUD_SERVICES_BUILD
-define:ENABLE_EDITOR_GAME_SERVICES
-define:ENABLE_UNITY_GAME_SERVICES_ANALYTICS_SUPPORT
-define:ENABLE_CLOUD_LICENSE
-define:ENABLE_EDITOR_HUB_LICENSE
-define:ENABLE_WEBSOCKET_CLIENT
-define:ENABLE_GENERATE_NATIVE_PLUGINS_FOR_ASSEMBLIES_API
-define:ENABLE_DIRECTOR_AUDIO
-define:ENABLE_DIRECTOR_TEXTURE
-define:ENABLE_MANAGED_JOBS
-define:ENABLE_MANAGED_TRANSFORM_JOBS
-define:ENABLE_MANAGED_ANIMATION_JOBS
-define:ENABLE_MANAGED_AUDIO_JOBS
-define:ENABLE_MANAGED_UNITYTLS
-define:INCLUDE_DYNAMIC_GI
-define:ENABLE_SCRIPTING_GC_WBARRIERS
-define:PLATFORM_SUPPORTS_MONO
-define:RENDER_SOFTWARE_CURSOR
-define:ENABLE_VIDEO
-define:ENABLE_ACCELERATOR_CLIENT_DEBUGGING
-define:ENABLE_NAVIGATION_PACKAGE_DEBUG_VISUALIZATION
-define:ENABLE_NAVIGATION_HEIGHTMESH_RUNTIME_SUPPORT
-define:ENABLE_NAVIGATION_UI_REQUIRES_PACKAGE
-define:PLATFORM_STANDALONE
-define:TEXTCORE_1_0_OR_NEWER
-define:PLATFORM_STANDALONE_OSX
-define:UNITY_STANDALONE_OSX
-define:UNITY_STANDALONE
-define:ENABLE_GAMECENTER
-define:ENABLE_RUNTIME_GI
-define:ENABLE_MOVIES
-define:ENABLE_NETWORK
-define:ENABLE_CRUNCH_TEXTURE_COMPRESSION
-define:ENABLE_CLUSTER_SYNC
-define:ENABLE_CLUSTERINPUT
-define:ENABLE_SPATIALTRACKING
-define:PLATFORM_UPDATES_TIME_OUTSIDE_OF_PLAYER_LOOP
-define:ENABLE_MONO
-define:NET_4_6
-define:NET_UNITY_4_8
-define:ENABLE_PROFILER
-define:DEBUG
-define:TRACE
-define:UNITY_ASSERTIONS
-define:UNITY_EDITOR
-define:UNITY_EDITOR_64
-define:UNITY_EDITOR_OSX
-define:ENABLE_UNITY_COLLECTIONS_CHECKS
-define:ENABLE_BURST_AOT
-define:UNITY_TEAM_LICENSE
-define:ENABLE_CUSTOM_RENDER_TEXTURE
-define:ENABLE_DIRECTOR
-define:ENABLE_LOCALIZATION
-define:ENABLE_SPRITES
-define:ENABLE_TERRAIN
-define:ENABLE_TILEMAP
-define:ENABLE_TIMELINE
-define:ENABLE_LEGACY_INPUT_MANAGER
-define:TEXTCORE_FONT_ENGINE_1_5_OR_NEWER
-define:CSHARP_7_OR_LATER
-define:CSHARP_7_3_OR_NEWER
-define:UNITY_EDITOR_ONLY_COMPILATION
-r:"/Applications/Unity/Hub/Editor/2022.3.62f3/PlaybackEngines/WindowsStandaloneSupport/UnityEditor.WindowsStandalone.Extensions.dll"
-r:"/Applications/Unity/Hub/Editor/2022.3.62f3/Unity.app/Contents/Managed/UnityEditor.Graphs.dll"
-r:"/Applications/Unity/Hub/Editor/2022.3.62f3/Unity.app/Contents/Managed/UnityEngine/UnityEditor.CoreModule.dll"
-r:"/Applications/Unity/Hub/Editor/2022.3.62f3/Unity.app/Contents/Managed/UnityEngine/UnityEditor.DeviceSimulatorModule.dll"
-r:"/Applications/Unity/Hub/Editor/2022.3.62f3/Unity.app/Contents/Managed/UnityEngine/UnityEditor.DiagnosticsModule.dll"
-r:"/Applications/Unity/Hub/Editor/2022.3.62f3/Unity.app/Contents/Managed/UnityEngine/UnityEditor.dll"
-r:"/Applications/Unity/Hub/Editor/2022.3.62f3/Unity.app/Contents/Managed/UnityEngine/UnityEditor.EditorToolbarModule.dll"
-r:"/Applications/Unity/Hub/Editor/2022.3.62f3/Unity.app/Contents/Managed/UnityEngine/UnityEditor.GraphViewModule.dll"
-r:"/Applications/Unity/Hub/Editor/2022.3.62f3/Unity.app/Contents/Managed/UnityEngine/UnityEditor.PresetsUIModule.dll"
-r:"/Applications/Unity/Hub/Editor/2022.3.62f3/Unity.app/Contents/Managed/UnityEngine/UnityEditor.QuickSearchModule.dll"
-r:"/Applications/Unity/Hub/Editor/2022.3.62f3/Unity.app/Contents/Managed/UnityEngine/UnityEditor.SceneTemplateModule.dll"
-r:"/Applications/Unity/Hub/Editor/2022.3.62f3/Unity.app/Contents/Managed/UnityEngine/UnityEditor.SceneViewModule.dll"
-r:"/Applications/Unity/Hub/Editor/2022.3.62f3/Unity.app/Contents/Managed/UnityEngine/UnityEditor.TextCoreFontEngineModule.dll"
-r:"/Applications/Unity/Hub/Editor/2022.3.62f3/Unity.app/Contents/Managed/UnityEngine/UnityEditor.TextCoreTextEngineModule.dll"
-r:"/Applications/Unity/Hub/Editor/2022.3.62f3/Unity.app/Contents/Managed/UnityEngine/UnityEditor.UIBuilderModule.dll"
-r:"/Applications/Unity/Hub/Editor/2022.3.62f3/Unity.app/Contents/Managed/UnityEngine/UnityEditor.UIElementsModule.dll"
-r:"/Applications/Unity/Hub/Editor/2022.3.62f3/Unity.app/Contents/Managed/UnityEngine/UnityEditor.UIElementsSamplesModule.dll"
-r:"/Applications/Unity/Hub/Editor/2022.3.62f3/Unity.app/Contents/Managed/UnityEngine/UnityEditor.UnityConnectModule.dll"
-r:"/Applications/Unity/Hub/Editor/2022.3.62f3/Unity.app/Contents/Managed/UnityEngine/UnityEngine.AccessibilityModule.dll"
-r:"/Applications/Unity/Hub/Editor/2022.3.62f3/Unity.app/Contents/Managed/UnityEngine/UnityEngine.AIModule.dll"
-r:"/Applications/Unity/Hub/Editor/2022.3.62f3/Unity.app/Contents/Managed/UnityEngine/UnityEngine.AndroidJNIModule.dll"
-r:"/Applications/Unity/Hub/Editor/2022.3.62f3/Unity.app/Contents/Managed/UnityEngine/UnityEngine.AnimationModule.dll"
-r:"/Applications/Unity/Hub/Editor/2022.3.62f3/Unity.app/Contents/Managed/UnityEngine/UnityEngine.ARModule.dll"
-r:"/Applications/Unity/Hub/Editor/2022.3.62f3/Unity.app/Contents/Managed/UnityEngine/UnityEngine.AssetBundleModule.dll"
-r:"/Applications/Unity/Hub/Editor/2022.3.62f3/Unity.app/Contents/Managed/UnityEngine/UnityEngine.AudioModule.dll"
-r:"/Applications/Unity/Hub/Editor/2022.3.62f3/Unity.app/Contents/Managed/UnityEngine/UnityEngine.ClothModule.dll"
-r:"/Applications/Unity/Hub/Editor/2022.3.62f3/Unity.app/Contents/Managed/UnityEngine/UnityEngine.ClusterInputModule.dll"
-r:"/Applications/Unity/Hub/Editor/2022.3.62f3/Unity.app/Contents/Managed/UnityEngine/UnityEngine.ClusterRendererModule.dll"
-r:"/Applications/Unity/Hub/Editor/2022.3.62f3/Unity.app/Contents/Managed/UnityEngine/UnityEngine.ContentLoadModule.dll"
-r:"/Applications/Unity/Hub/Editor/2022.3.62f3/Unity.app/Contents/Managed/UnityEngine/UnityEngine.CoreModule.dll"
-r:"/Applications/Unity/Hub/Editor/2022.3.62f3/Unity.app/Contents/Managed/UnityEngine/UnityEngine.CrashReportingModule.dll"
-r:"/Applications/Unity/Hub/Editor/2022.3.62f3/Unity.app/Contents/Managed/UnityEngine/UnityEngine.DirectorModule.dll"
-r:"/Applications/Unity/Hub/Editor/2022.3.62f3/Unity.app/Contents/Managed/UnityEngine/UnityEngine.dll"
-r:"/Applications/Unity/Hub/Editor/2022.3.62f3/Unity.app/Contents/Managed/UnityEngine/UnityEngine.DSPGraphModule.dll"
-r:"/Applications/Unity/Hub/Editor/2022.3.62f3/Unity.app/Contents/Managed/UnityEngine/UnityEngine.GameCenterModule.dll"
-r:"/Applications/Unity/Hub/Editor/2022.3.62f3/Unity.app/Contents/Managed/UnityEngine/UnityEngine.GIModule.dll"
-r:"/Applications/Unity/Hub/Editor/2022.3.62f3/Unity.app/Contents/Managed/UnityEngine/UnityEngine.GridModule.dll"
-r:"/Applications/Unity/Hub/Editor/2022.3.62f3/Unity.app/Contents/Managed/UnityEngine/UnityEngine.HotReloadModule.dll"
-r:"/Applications/Unity/Hub/Editor/2022.3.62f3/Unity.app/Contents/Managed/UnityEngine/UnityEngine.ImageConversionModule.dll"
-r:"/Applications/Unity/Hub/Editor/2022.3.62f3/Unity.app/Contents/Managed/UnityEngine/UnityEngine.IMGUIModule.dll"
-r:"/Applications/Unity/Hub/Editor/2022.3.62f3/Unity.app/Contents/Managed/UnityEngine/UnityEngine.InputLegacyModule.dll"
-r:"/Applications/Unity/Hub/Editor/2022.3.62f3/Unity.app/Contents/Managed/UnityEngine/UnityEngine.InputModule.dll"
-r:"/Applications/Unity/Hub/Editor/2022.3.62f3/Unity.app/Contents/Managed/UnityEngine/UnityEngine.JSONSerializeModule.dll"
-r:"/Applications/Unity/Hub/Editor/2022.3.62f3/Unity.app/Contents/Managed/UnityEngine/UnityEngine.LocalizationModule.dll"
-r:"/Applications/Unity/Hub/Editor/2022.3.62f3/Unity.app/Contents/Managed/UnityEngine/UnityEngine.NVIDIAModule.dll"
-r:"/Applications/Unity/Hub/Editor/2022.3.62f3/Unity.app/Contents/Managed/UnityEngine/UnityEngine.ParticleSystemModule.dll"
-r:"/Applications/Unity/Hub/Editor/2022.3.62f3/Unity.app/Contents/Managed/UnityEngine/UnityEngine.PerformanceReportingModule.dll"
-r:"/Applications/Unity/Hub/Editor/2022.3.62f3/Unity.app/Contents/Managed/UnityEngine/UnityEngine.Physics2DModule.dll"
-r:"/Applications/Unity/Hub/Editor/2022.3.62f3/Unity.app/Contents/Managed/UnityEngine/UnityEngine.PhysicsModule.dll"
-r:"/Applications/Unity/Hub/Editor/2022.3.62f3/Unity.app/Contents/Managed/UnityEngine/UnityEngine.ProfilerModule.dll"
-r:"/Applications/Unity/Hub/Editor/2022.3.62f3/Unity.app/Contents/Managed/UnityEngine/UnityEngine.PropertiesModule.dll"
-r:"/Applications/Unity/Hub/Editor/2022.3.62f3/Unity.app/Contents/Managed/UnityEngine/UnityEngine.RuntimeInitializeOnLoadManagerInitializerModule.dll"
-r:"/Applications/Unity/Hub/Editor/2022.3.62f3/Unity.app/Contents/Managed/UnityEngine/UnityEngine.ScreenCaptureModule.dll"
-r:"/Applications/Unity/Hub/Editor/2022.3.62f3/Unity.app/Contents/Managed/UnityEngine/UnityEngine.SharedInternalsModule.dll"
-r:"/Applications/Unity/Hub/Editor/2022.3.62f3/Unity.app/Contents/Managed/UnityEngine/UnityEngine.SpriteMaskModule.dll"
-r:"/Applications/Unity/Hub/Editor/2022.3.62f3/Unity.app/Contents/Managed/UnityEngine/UnityEngine.SpriteShapeModule.dll"
-r:"/Applications/Unity/Hub/Editor/2022.3.62f3/Unity.app/Contents/Managed/UnityEngine/UnityEngine.StreamingModule.dll"
-r:"/Applications/Unity/Hub/Editor/2022.3.62f3/Unity.app/Contents/Managed/UnityEngine/UnityEngine.SubstanceModule.dll"
-r:"/Applications/Unity/Hub/Editor/2022.3.62f3/Unity.app/Contents/Managed/UnityEngine/UnityEngine.SubsystemsModule.dll"
-r:"/Applications/Unity/Hub/Editor/2022.3.62f3/Unity.app/Contents/Managed/UnityEngine/UnityEngine.TerrainModule.dll"
-r:"/Applications/Unity/Hub/Editor/2022.3.62f3/Unity.app/Contents/Managed/UnityEngine/UnityEngine.TerrainPhysicsModule.dll"
-r:"/Applications/Unity/Hub/Editor/2022.3.62f3/Unity.app/Contents/Managed/UnityEngine/UnityEngine.TextCoreFontEngineModule.dll"
-r:"/Applications/Unity/Hub/Editor/2022.3.62f3/Unity.app/Contents/Managed/UnityEngine/UnityEngine.TextCoreTextEngineModule.dll"
-r:"/Applications/Unity/Hub/Editor/2022.3.62f3/Unity.app/Contents/Managed/UnityEngine/UnityEngine.TextRenderingModule.dll"
-r:"/Applications/Unity/Hub/Editor/2022.3.62f3/Unity.app/Contents/Managed/UnityEngine/UnityEngine.TilemapModule.dll"
-r:"/Applications/Unity/Hub/Editor/2022.3.62f3/Unity.app/Contents/Managed/UnityEngine/UnityEngine.TLSModule.dll"
-r:"/Applications/Unity/Hub/Editor/2022.3.62f3/Unity.app/Contents/Managed/UnityEngine/UnityEngine.UIElementsModule.dll"
-r:"/Applications/Unity/Hub/Editor/2022.3.62f3/Unity.app/Contents/Managed/UnityEngine/UnityEngine.UIModule.dll"
-r:"/Applications/Unity/Hub/Editor/2022.3.62f3/Unity.app/Contents/Managed/UnityEngine/UnityEngine.UmbraModule.dll"
-r:"/Applications/Unity/Hub/Editor/2022.3.62f3/Unity.app/Contents/Managed/UnityEngine/UnityEngine.UnityAnalyticsCommonModule.dll"
-r:"/Applications/Unity/Hub/Editor/2022.3.62f3/Unity.app/Contents/Managed/UnityEngine/UnityEngine.UnityAnalyticsModule.dll"
-r:"/Applications/Unity/Hub/Editor/2022.3.62f3/Unity.app/Contents/Managed/UnityEngine/UnityEngine.UnityConnectModule.dll"
-r:"/Applications/Unity/Hub/Editor/2022.3.62f3/Unity.app/Contents/Managed/UnityEngine/UnityEngine.UnityCurlModule.dll"
-r:"/Applications/Unity/Hub/Editor/2022.3.62f3/Unity.app/Contents/Managed/UnityEngine/UnityEngine.UnityTestProtocolModule.dll"
-r:"/Applications/Unity/Hub/Editor/2022.3.62f3/Unity.app/Contents/Managed/UnityEngine/UnityEngine.UnityWebRequestAssetBundleModule.dll"
-r:"/Applications/Unity/Hub/Editor/2022.3.62f3/Unity.app/Contents/Managed/UnityEngine/UnityEngine.UnityWebRequestAudioModule.dll"
-r:"/Applications/Unity/Hub/Editor/2022.3.62f3/Unity.app/Contents/Managed/UnityEngine/UnityEngine.UnityWebRequestModule.dll"
-r:"/Applications/Unity/Hub/Editor/2022.3.62f3/Unity.app/Contents/Managed/UnityEngine/UnityEngine.UnityWebRequestTextureModule.dll"
-r:"/Applications/Unity/Hub/Editor/2022.3.62f3/Unity.app/Contents/Managed/UnityEngine/UnityEngine.UnityWebRequestWWWModule.dll"
-r:"/Applications/Unity/Hub/Editor/2022.3.62f3/Unity.app/Contents/Managed/UnityEngine/UnityEngine.VehiclesModule.dll"
-r:"/Applications/Unity/Hub/Editor/2022.3.62f3/Unity.app/Contents/Managed/UnityEngine/UnityEngine.VFXModule.dll"
-r:"/Applications/Unity/Hub/Editor/2022.3.62f3/Unity.app/Contents/Managed/UnityEngine/UnityEngine.VideoModule.dll"
-r:"/Applications/Unity/Hub/Editor/2022.3.62f3/Unity.app/Contents/Managed/UnityEngine/UnityEngine.VirtualTexturingModule.dll"
-r:"/Applications/Unity/Hub/Editor/2022.3.62f3/Unity.app/Contents/Managed/UnityEngine/UnityEngine.VRModule.dll"
-r:"/Applications/Unity/Hub/Editor/2022.3.62f3/Unity.app/Contents/Managed/UnityEngine/UnityEngine.WindModule.dll"
-r:"/Applications/Unity/Hub/Editor/2022.3.62f3/Unity.app/Contents/Managed/UnityEngine/UnityEngine.XRModule.dll"
-r:"/Applications/Unity/Hub/Editor/2022.3.62f3/Unity.app/Contents/PlaybackEngines/MacStandaloneSupport/UnityEditor.iOS.Extensions.Xcode.dll"
-r:"/Applications/Unity/Hub/Editor/2022.3.62f3/Unity.app/Contents/PlaybackEngines/MacStandaloneSupport/UnityEditor.OSXStandalone.Extensions.dll"
-r:"/Applications/Unity/Hub/Editor/2022.3.62f3/Unity.app/Contents/UnityReferenceAssemblies/unity-4.8-api/Facades/Microsoft.Win32.Primitives.dll"
-r:"/Applications/Unity/Hub/Editor/2022.3.62f3/Unity.app/Contents/UnityReferenceAssemblies/unity-4.8-api/Facades/netstandard.dll"
-r:"/Applications/Unity/Hub/Editor/2022.3.62f3/Unity.app/Contents/UnityReferenceAssemblies/unity-4.8-api/Facades/System.AppContext.dll"
-r:"/Applications/Unity/Hub/Editor/2022.3.62f3/Unity.app/Contents/UnityReferenceAssemblies/unity-4.8-api/Facades/System.Buffers.dll"
-r:"/Applications/Unity/Hub/Editor/2022.3.62f3/Unity.app/Contents/UnityReferenceAssemblies/unity-4.8-api/Facades/System.Collections.Concurrent.dll"
-r:"/Applications/Unity/Hub/Editor/2022.3.62f3/Unity.app/Contents/UnityReferenceAssemblies/unity-4.8-api/Facades/System.Collections.dll"
-r:"/Applications/Unity/Hub/Editor/2022.3.62f3/Unity.app/Contents/UnityReferenceAssemblies/unity-4.8-api/Facades/System.Collections.NonGeneric.dll"
-r:"/Applications/Unity/Hub/Editor/2022.3.62f3/Unity.app/Contents/UnityReferenceAssemblies/unity-4.8-api/Facades/System.Collections.Specialized.dll"
-r:"/Applications/Unity/Hub/Editor/2022.3.62f3/Unity.app/Contents/UnityReferenceAssemblies/unity-4.8-api/Facades/System.ComponentModel.Annotations.dll"
-r:"/Applications/Unity/Hub/Editor/2022.3.62f3/Unity.app/Contents/UnityReferenceAssemblies/unity-4.8-api/Facades/System.ComponentModel.dll"
-r:"/Applications/Unity/Hub/Editor/2022.3.62f3/Unity.app/Contents/UnityReferenceAssemblies/unity-4.8-api/Facades/System.ComponentModel.EventBasedAsync.dll"
-r:"/Applications/Unity/Hub/Editor/2022.3.62f3/Unity.app/Contents/UnityReferenceAssemblies/unity-4.8-api/Facades/System.ComponentModel.Primitives.dll"
-r:"/Applications/Unity/Hub/Editor/2022.3.62f3/Unity.app/Contents/UnityReferenceAssemblies/unity-4.8-api/Facades/System.ComponentModel.TypeConverter.dll"
-r:"/Applications/Unity/Hub/Editor/2022.3.62f3/Unity.app/Contents/UnityReferenceAssemblies/unity-4.8-api/Facades/System.Console.dll"
-r:"/Applications/Unity/Hub/Editor/2022.3.62f3/Unity.app/Contents/UnityReferenceAssemblies/unity-4.8-api/Facades/System.Data.Common.dll"
-r:"/Applications/Unity/Hub/Editor/2022.3.62f3/Unity.app/Contents/UnityReferenceAssemblies/unity-4.8-api/Facades/System.Diagnostics.Contracts.dll"
-r:"/Applications/Unity/Hub/Editor/2022.3.62f3/Unity.app/Contents/UnityReferenceAssemblies/unity-4.8-api/Facades/System.Diagnostics.Debug.dll"
-r:"/Applications/Unity/Hub/Editor/2022.3.62f3/Unity.app/Contents/UnityReferenceAssemblies/unity-4.8-api/Facades/System.Diagnostics.FileVersionInfo.dll"
-r:"/Applications/Unity/Hub/Editor/2022.3.62f3/Unity.app/Contents/UnityReferenceAssemblies/unity-4.8-api/Facades/System.Diagnostics.Process.dll"
-r:"/Applications/Unity/Hub/Editor/2022.3.62f3/Unity.app/Contents/UnityReferenceAssemblies/unity-4.8-api/Facades/System.Diagnostics.StackTrace.dll"
-r:"/Applications/Unity/Hub/Editor/2022.3.62f3/Unity.app/Contents/UnityReferenceAssemblies/unity-4.8-api/Facades/System.Diagnostics.TextWriterTraceListener.dll"
-r:"/Applications/Unity/Hub/Editor/2022.3.62f3/Unity.app/Contents/UnityReferenceAssemblies/unity-4.8-api/Facades/System.Diagnostics.Tools.dll"
-r:"/Applications/Unity/Hub/Editor/2022.3.62f3/Unity.app/Contents/UnityReferenceAssemblies/unity-4.8-api/Facades/System.Diagnostics.TraceSource.dll"
-r:"/Applications/Unity/Hub/Editor/2022.3.62f3/Unity.app/Contents/UnityReferenceAssemblies/unity-4.8-api/Facades/System.Drawing.Primitives.dll"
-r:"/Applications/Unity/Hub/Editor/2022.3.62f3/Unity.app/Contents/UnityReferenceAssemblies/unity-4.8-api/Facades/System.Dynamic.Runtime.dll"
-r:"/Applications/Unity/Hub/Editor/2022.3.62f3/Unity.app/Contents/UnityReferenceAssemblies/unity-4.8-api/Facades/System.Globalization.Calendars.dll"
-r:"/Applications/Unity/Hub/Editor/2022.3.62f3/Unity.app/Contents/UnityReferenceAssemblies/unity-4.8-api/Facades/System.Globalization.dll"
-r:"/Applications/Unity/Hub/Editor/2022.3.62f3/Unity.app/Contents/UnityReferenceAssemblies/unity-4.8-api/Facades/System.Globalization.Extensions.dll"
-r:"/Applications/Unity/Hub/Editor/2022.3.62f3/Unity.app/Contents/UnityReferenceAssemblies/unity-4.8-api/Facades/System.IO.Compression.ZipFile.dll"
-r:"/Applications/Unity/Hub/Editor/2022.3.62f3/Unity.app/Contents/UnityReferenceAssemblies/unity-4.8-api/Facades/System.IO.dll"
-r:"/Applications/Unity/Hub/Editor/2022.3.62f3/Unity.app/Contents/UnityReferenceAssemblies/unity-4.8-api/Facades/System.IO.FileSystem.dll"
-r:"/Applications/Unity/Hub/Editor/2022.3.62f3/Unity.app/Contents/UnityReferenceAssemblies/unity-4.8-api/Facades/System.IO.FileSystem.DriveInfo.dll"
-r:"/Applications/Unity/Hub/Editor/2022.3.62f3/Unity.app/Contents/UnityReferenceAssemblies/unity-4.8-api/Facades/System.IO.FileSystem.Primitives.dll"
-r:"/Applications/Unity/Hub/Editor/2022.3.62f3/Unity.app/Contents/UnityReferenceAssemblies/unity-4.8-api/Facades/System.IO.FileSystem.Watcher.dll"
-r:"/Applications/Unity/Hub/Editor/2022.3.62f3/Unity.app/Contents/UnityReferenceAssemblies/unity-4.8-api/Facades/System.IO.IsolatedStorage.dll"
-r:"/Applications/Unity/Hub/Editor/2022.3.62f3/Unity.app/Contents/UnityReferenceAssemblies/unity-4.8-api/Facades/System.IO.MemoryMappedFiles.dll"
-r:"/Applications/Unity/Hub/Editor/2022.3.62f3/Unity.app/Contents/UnityReferenceAssemblies/unity-4.8-api/Facades/System.IO.Pipes.dll"
-r:"/Applications/Unity/Hub/Editor/2022.3.62f3/Unity.app/Contents/UnityReferenceAssemblies/unity-4.8-api/Facades/System.IO.UnmanagedMemoryStream.dll"
-r:"/Applications/Unity/Hub/Editor/2022.3.62f3/Unity.app/Contents/UnityReferenceAssemblies/unity-4.8-api/Facades/System.Linq.dll"
-r:"/Applications/Unity/Hub/Editor/2022.3.62f3/Unity.app/Contents/UnityReferenceAssemblies/unity-4.8-api/Facades/System.Linq.Expressions.dll"
-r:"/Applications/Unity/Hub/Editor/2022.3.62f3/Unity.app/Contents/UnityReferenceAssemblies/unity-4.8-api/Facades/System.Linq.Parallel.dll"
-r:"/Applications/Unity/Hub/Editor/2022.3.62f3/Unity.app/Contents/UnityReferenceAssemblies/unity-4.8-api/Facades/System.Linq.Queryable.dll"
-r:"/Applications/Unity/Hub/Editor/2022.3.62f3/Unity.app/Contents/UnityReferenceAssemblies/unity-4.8-api/Facades/System.Memory.dll"
-r:"/Applications/Unity/Hub/Editor/2022.3.62f3/Unity.app/Contents/UnityReferenceAssemblies/unity-4.8-api/Facades/System.Net.Http.Rtc.dll"
-r:"/Applications/Unity/Hub/Editor/2022.3.62f3/Unity.app/Contents/UnityReferenceAssemblies/unity-4.8-api/Facades/System.Net.NameResolution.dll"
-r:"/Applications/Unity/Hub/Editor/2022.3.62f3/Unity.app/Contents/UnityReferenceAssemblies/unity-4.8-api/Facades/System.Net.NetworkInformation.dll"
-r:"/Applications/Unity/Hub/Editor/2022.3.62f3/Unity.app/Contents/UnityReferenceAssemblies/unity-4.8-api/Facades/System.Net.Ping.dll"
-r:"/Applications/Unity/Hub/Editor/2022.3.62f3/Unity.app/Contents/UnityReferenceAssemblies/unity-4.8-api/Facades/System.Net.Primitives.dll"
-r:"/Applications/Unity/Hub/Editor/2022.3.62f3/Unity.app/Contents/UnityReferenceAssemblies/unity-4.8-api/Facades/System.Net.Requests.dll"
-r:"/Applications/Unity/Hub/Editor/2022.3.62f3/Unity.app/Contents/UnityReferenceAssemblies/unity-4.8-api/Facades/System.Net.Security.dll"
-r:"/Applications/Unity/Hub/Editor/2022.3.62f3/Unity.app/Contents/UnityReferenceAssemblies/unity-4.8-api/Facades/System.Net.Sockets.dll"
-r:"/Applications/Unity/Hub/Editor/2022.3.62f3/Unity.app/Contents/UnityReferenceAssemblies/unity-4.8-api/Facades/System.Net.WebHeaderCollection.dll"
-r:"/Applications/Unity/Hub/Editor/2022.3.62f3/Unity.app/Contents/UnityReferenceAssemblies/unity-4.8-api/Facades/System.Net.WebSockets.Client.dll"
-r:"/Applications/Unity/Hub/Editor/2022.3.62f3/Unity.app/Contents/UnityReferenceAssemblies/unity-4.8-api/Facades/System.Net.WebSockets.dll"
-r:"/Applications/Unity/Hub/Editor/2022.3.62f3/Unity.app/Contents/UnityReferenceAssemblies/unity-4.8-api/Facades/System.ObjectModel.dll"
-r:"/Applications/Unity/Hub/Editor/2022.3.62f3/Unity.app/Contents/UnityReferenceAssemblies/unity-4.8-api/Facades/System.Reflection.DispatchProxy.dll"
-r:"/Applications/Unity/Hub/Editor/2022.3.62f3/Unity.app/Contents/UnityReferenceAssemblies/unity-4.8-api/Facades/System.Reflection.dll"
-r:"/Applications/Unity/Hub/Editor/2022.3.62f3/Unity.app/Contents/UnityReferenceAssemblies/unity-4.8-api/Facades/System.Reflection.Emit.dll"
-r:"/Applications/Unity/Hub/Editor/2022.3.62f3/Unity.app/Contents/UnityReferenceAssemblies/unity-4.8-api/Facades/System.Reflection.Emit.ILGeneration.dll"
-r:"/Applications/Unity/Hub/Editor/2022.3.62f3/Unity.app/Contents/UnityReferenceAssemblies/unity-4.8-api/Facades/System.Reflection.Emit.Lightweight.dll"
-r:"/Applications/Unity/Hub/Editor/2022.3.62f3/Unity.app/Contents/UnityReferenceAssemblies/unity-4.8-api/Facades/System.Reflection.Extensions.dll"
-r:"/Applications/Unity/Hub/Editor/2022.3.62f3/Unity.app/Contents/UnityReferenceAssemblies/unity-4.8-api/Facades/System.Reflection.Primitives.dll"
-r:"/Applications/Unity/Hub/Editor/2022.3.62f3/Unity.app/Contents/UnityReferenceAssemblies/unity-4.8-api/Facades/System.Resources.Reader.dll"
-r:"/Applications/Unity/Hub/Editor/2022.3.62f3/Unity.app/Contents/UnityReferenceAssemblies/unity-4.8-api/Facades/System.Resources.ResourceManager.dll"
-r:"/Applications/Unity/Hub/Editor/2022.3.62f3/Unity.app/Contents/UnityReferenceAssemblies/unity-4.8-api/Facades/System.Resources.Writer.dll"
-r:"/Applications/Unity/Hub/Editor/2022.3.62f3/Unity.app/Contents/UnityReferenceAssemblies/unity-4.8-api/Facades/System.Runtime.CompilerServices.VisualC.dll"
-r:"/Applications/Unity/Hub/Editor/2022.3.62f3/Unity.app/Contents/UnityReferenceAssemblies/unity-4.8-api/Facades/System.Runtime.dll"
-r:"/Applications/Unity/Hub/Editor/2022.3.62f3/Unity.app/Contents/UnityReferenceAssemblies/unity-4.8-api/Facades/System.Runtime.Extensions.dll"
-r:"/Applications/Unity/Hub/Editor/2022.3.62f3/Unity.app/Contents/UnityReferenceAssemblies/unity-4.8-api/Facades/System.Runtime.Handles.dll"
-r:"/Applications/Unity/Hub/Editor/2022.3.62f3/Unity.app/Contents/UnityReferenceAssemblies/unity-4.8-api/Facades/System.Runtime.InteropServices.dll"
-r:"/Applications/Unity/Hub/Editor/2022.3.62f3/Unity.app/Contents/UnityReferenceAssemblies/unity-4.8-api/Facades/System.Runtime.InteropServices.RuntimeInformation.dll"
-r:"/Applications/Unity/Hub/Editor/2022.3.62f3/Unity.app/Contents/UnityReferenceAssemblies/unity-4.8-api/Facades/System.Runtime.InteropServices.WindowsRuntime.dll"
-r:"/Applications/Unity/Hub/Editor/2022.3.62f3/Unity.app/Contents/UnityReferenceAssemblies/unity-4.8-api/Facades/System.Runtime.Numerics.dll"
-r:"/Applications/Unity/Hub/Editor/2022.3.62f3/Unity.app/Contents/UnityReferenceAssemblies/unity-4.8-api/Facades/System.Runtime.Serialization.Formatters.dll"
-r:"/Applications/Unity/Hub/Editor/2022.3.62f3/Unity.app/Contents/UnityReferenceAssemblies/unity-4.8-api/Facades/System.Runtime.Serialization.Json.dll"
-r:"/Applications/Unity/Hub/Editor/2022.3.62f3/Unity.app/Contents/UnityReferenceAssemblies/unity-4.8-api/Facades/System.Runtime.Serialization.Primitives.dll"
-r:"/Applications/Unity/Hub/Editor/2022.3.62f3/Unity.app/Contents/UnityReferenceAssemblies/unity-4.8-api/Facades/System.Runtime.Serialization.Xml.dll"
-r:"/Applications/Unity/Hub/Editor/2022.3.62f3/Unity.app/Contents/UnityReferenceAssemblies/unity-4.8-api/Facades/System.Security.Claims.dll"
-r:"/Applications/Unity/Hub/Editor/2022.3.62f3/Unity.app/Contents/UnityReferenceAssemblies/unity-4.8-api/Facades/System.Security.Cryptography.Algorithms.dll"
-r:"/Applications/Unity/Hub/Editor/2022.3.62f3/Unity.app/Contents/UnityReferenceAssemblies/unity-4.8-api/Facades/System.Security.Cryptography.Csp.dll"
-r:"/Applications/Unity/Hub/Editor/2022.3.62f3/Unity.app/Contents/UnityReferenceAssemblies/unity-4.8-api/Facades/System.Security.Cryptography.Encoding.dll"
-r:"/Applications/Unity/Hub/Editor/2022.3.62f3/Unity.app/Contents/UnityReferenceAssemblies/unity-4.8-api/Facades/System.Security.Cryptography.Primitives.dll"
-r:"/Applications/Unity/Hub/Editor/2022.3.62f3/Unity.app/Contents/UnityReferenceAssemblies/unity-4.8-api/Facades/System.Security.Cryptography.X509Certificates.dll"
-r:"/Applications/Unity/Hub/Editor/2022.3.62f3/Unity.app/Contents/UnityReferenceAssemblies/unity-4.8-api/Facades/System.Security.Principal.dll"
-r:"/Applications/Unity/Hub/Editor/2022.3.62f3/Unity.app/Contents/UnityReferenceAssemblies/unity-4.8-api/Facades/System.Security.SecureString.dll"
-r:"/Applications/Unity/Hub/Editor/2022.3.62f3/Unity.app/Contents/UnityReferenceAssemblies/unity-4.8-api/Facades/System.ServiceModel.Duplex.dll"
-r:"/Applications/Unity/Hub/Editor/2022.3.62f3/Unity.app/Contents/UnityReferenceAssemblies/unity-4.8-api/Facades/System.ServiceModel.Http.dll"
-r:"/Applications/Unity/Hub/Editor/2022.3.62f3/Unity.app/Contents/UnityReferenceAssemblies/unity-4.8-api/Facades/System.ServiceModel.NetTcp.dll"
-r:"/Applications/Unity/Hub/Editor/2022.3.62f3/Unity.app/Contents/UnityReferenceAssemblies/unity-4.8-api/Facades/System.ServiceModel.Primitives.dll"
-r:"/Applications/Unity/Hub/Editor/2022.3.62f3/Unity.app/Contents/UnityReferenceAssemblies/unity-4.8-api/Facades/System.ServiceModel.Security.dll"
-r:"/Applications/Unity/Hub/Editor/2022.3.62f3/Unity.app/Contents/UnityReferenceAssemblies/unity-4.8-api/Facades/System.Text.Encoding.dll"
-r:"/Applications/Unity/Hub/Editor/2022.3.62f3/Unity.app/Contents/UnityReferenceAssemblies/unity-4.8-api/Facades/System.Text.Encoding.Extensions.dll"
-r:"/Applications/Unity/Hub/Editor/2022.3.62f3/Unity.app/Contents/UnityReferenceAssemblies/unity-4.8-api/Facades/System.Text.RegularExpressions.dll"
-r:"/Applications/Unity/Hub/Editor/2022.3.62f3/Unity.app/Contents/UnityReferenceAssemblies/unity-4.8-api/Facades/System.Threading.dll"
-r:"/Applications/Unity/Hub/Editor/2022.3.62f3/Unity.app/Contents/UnityReferenceAssemblies/unity-4.8-api/Facades/System.Threading.Overlapped.dll"
-r:"/Applications/Unity/Hub/Editor/2022.3.62f3/Unity.app/Contents/UnityReferenceAssemblies/unity-4.8-api/Facades/System.Threading.Tasks.dll"
-r:"/Applications/Unity/Hub/Editor/2022.3.62f3/Unity.app/Contents/UnityReferenceAssemblies/unity-4.8-api/Facades/System.Threading.Tasks.Extensions.dll"
-r:"/Applications/Unity/Hub/Editor/2022.3.62f3/Unity.app/Contents/UnityReferenceAssemblies/unity-4.8-api/Facades/System.Threading.Tasks.Parallel.dll"
-r:"/Applications/Unity/Hub/Editor/2022.3.62f3/Unity.app/Contents/UnityReferenceAssemblies/unity-4.8-api/Facades/System.Threading.Thread.dll"
-r:"/Applications/Unity/Hub/Editor/2022.3.62f3/Unity.app/Contents/UnityReferenceAssemblies/unity-4.8-api/Facades/System.Threading.ThreadPool.dll"
-r:"/Applications/Unity/Hub/Editor/2022.3.62f3/Unity.app/Contents/UnityReferenceAssemblies/unity-4.8-api/Facades/System.Threading.Timer.dll"
-r:"/Applications/Unity/Hub/Editor/2022.3.62f3/Unity.app/Contents/UnityReferenceAssemblies/unity-4.8-api/Facades/System.ValueTuple.dll"
-r:"/Applications/Unity/Hub/Editor/2022.3.62f3/Unity.app/Contents/UnityReferenceAssemblies/unity-4.8-api/Facades/System.Xml.ReaderWriter.dll"
-r:"/Applications/Unity/Hub/Editor/2022.3.62f3/Unity.app/Contents/UnityReferenceAssemblies/unity-4.8-api/Facades/System.Xml.XDocument.dll"
-r:"/Applications/Unity/Hub/Editor/2022.3.62f3/Unity.app/Contents/UnityReferenceAssemblies/unity-4.8-api/Facades/System.Xml.XmlDocument.dll"
-r:"/Applications/Unity/Hub/Editor/2022.3.62f3/Unity.app/Contents/UnityReferenceAssemblies/unity-4.8-api/Facades/System.Xml.XmlSerializer.dll"
-r:"/Applications/Unity/Hub/Editor/2022.3.62f3/Unity.app/Contents/UnityReferenceAssemblies/unity-4.8-api/Facades/System.Xml.XPath.dll"
-r:"/Applications/Unity/Hub/Editor/2022.3.62f3/Unity.app/Contents/UnityReferenceAssemblies/unity-4.8-api/Facades/System.Xml.XPath.XDocument.dll"
-r:"/Applications/Unity/Hub/Editor/2022.3.62f3/Unity.app/Contents/UnityReferenceAssemblies/unity-4.8-api/Microsoft.CSharp.dll"
-r:"/Applications/Unity/Hub/Editor/2022.3.62f3/Unity.app/Contents/UnityReferenceAssemblies/unity-4.8-api/mscorlib.dll"
-r:"/Applications/Unity/Hub/Editor/2022.3.62f3/Unity.app/Contents/UnityReferenceAssemblies/unity-4.8-api/System.ComponentModel.Composition.dll"
-r:"/Applications/Unity/Hub/Editor/2022.3.62f3/Unity.app/Contents/UnityReferenceAssemblies/unity-4.8-api/System.Core.dll"
-r:"/Applications/Unity/Hub/Editor/2022.3.62f3/Unity.app/Contents/UnityReferenceAssemblies/unity-4.8-api/System.Data.DataSetExtensions.dll"
-r:"/Applications/Unity/Hub/Editor/2022.3.62f3/Unity.app/Contents/UnityReferenceAssemblies/unity-4.8-api/System.Data.dll"
-r:"/Applications/Unity/Hub/Editor/2022.3.62f3/Unity.app/Contents/UnityReferenceAssemblies/unity-4.8-api/System.dll"
-r:"/Applications/Unity/Hub/Editor/2022.3.62f3/Unity.app/Contents/UnityReferenceAssemblies/unity-4.8-api/System.Drawing.dll"
-r:"/Applications/Unity/Hub/Editor/2022.3.62f3/Unity.app/Contents/UnityReferenceAssemblies/unity-4.8-api/System.IO.Compression.dll"
-r:"/Applications/Unity/Hub/Editor/2022.3.62f3/Unity.app/Contents/UnityReferenceAssemblies/unity-4.8-api/System.IO.Compression.FileSystem.dll"
-r:"/Applications/Unity/Hub/Editor/2022.3.62f3/Unity.app/Contents/UnityReferenceAssemblies/unity-4.8-api/System.Net.Http.dll"
-r:"/Applications/Unity/Hub/Editor/2022.3.62f3/Unity.app/Contents/UnityReferenceAssemblies/unity-4.8-api/System.Numerics.dll"
-r:"/Applications/Unity/Hub/Editor/2022.3.62f3/Unity.app/Contents/UnityReferenceAssemblies/unity-4.8-api/System.Numerics.Vectors.dll"
-r:"/Applications/Unity/Hub/Editor/2022.3.62f3/Unity.app/Contents/UnityReferenceAssemblies/unity-4.8-api/System.Runtime.Serialization.dll"
-r:"/Applications/Unity/Hub/Editor/2022.3.62f3/Unity.app/Contents/UnityReferenceAssemblies/unity-4.8-api/System.Transactions.dll"
-r:"/Applications/Unity/Hub/Editor/2022.3.62f3/Unity.app/Contents/UnityReferenceAssemblies/unity-4.8-api/System.Xml.dll"
-r:"/Applications/Unity/Hub/Editor/2022.3.62f3/Unity.app/Contents/UnityReferenceAssemblies/unity-4.8-api/System.Xml.Linq.dll"
-r:"Library/PackageCache/com.unity.ext.nunit@1.0.6/net35/unity-custom/nunit.framework.dll"
-r:"Library/Bee/artifacts/200b0aE.dag/Unity.TextMeshPro.ref.dll"
-r:"Library/Bee/artifacts/200b0aE.dag/UnityEditor.TestRunner.ref.dll"
-r:"Library/Bee/artifacts/200b0aE.dag/UnityEditor.UI.ref.dll"
-r:"Library/Bee/artifacts/200b0aE.dag/UnityEngine.TestRunner.ref.dll"
-r:"Library/Bee/artifacts/200b0aE.dag/UnityEngine.UI.ref.dll"
-analyzer:"/Applications/Unity/Hub/Editor/2022.3.62f3/Unity.app/Contents/Tools/Unity.SourceGenerators/Unity.Properties.SourceGenerator.dll"
-analyzer:"/Applications/Unity/Hub/Editor/2022.3.62f3/Unity.app/Contents/Tools/Unity.SourceGenerators/Unity.SourceGenerators.dll"
"Assets/Tests/EditMode/GameDataAndVehicleTests.cs"
"Assets/Tests/EditMode/TestSupport.cs"
"Assets/Tests/EditMode/UiAndMenuTests.cs"
-langversion:9.0
/deterministic
/optimize+
/debug:portable
/nologo
/RuntimeMetadataVersion:v4.0.30319
/nowarn:0169
/nowarn:0649
/nowarn:0282
/nowarn:1701
/nowarn:1702
/utf8output
/preferreduilang:en-US
/additionalfile:"Library/Bee/artifacts/200b0aE.dag/MiniTransportTycoon.EditModeTests.UnityAdditionalFile.txt"
##### Custom Environment Variables
DOTNET_MULTILEVEL_LOOKUP=0
##### ExitCode
1
##### Output
Assets/Tests/EditMode/GameDataAndVehicleTests.cs(10,18): error CS0060: Inconsistent accessibility: base class 'EditModeTestBase' is less accessible than class 'GameDataAndVehicleTests'
Assets/Tests/EditMode/UiAndMenuTests.cs(9,18): error CS0060: Inconsistent accessibility: base class 'EditModeTestBase' is less accessible than class 'UiAndMenuTests'
Assets/Tests/EditMode/TestSupport.cs(213,41): error CS0246: The type or namespace name 'Vehicle' could not be found (are you missing a using directive or an assembly reference?)
Assets/Tests/EditMode/GameDataAndVehicleTests.cs(216,94): error CS0246: The type or namespace name 'CarType' could not be found (are you missing a using directive or an assembly reference?)
Assets/Tests/EditMode/GameDataAndVehicleTests.cs(302,17): error CS0246: The type or namespace name 'Vehicle' could not be found (are you missing a using directive or an assembly reference?)
Assets/Tests/EditMode/GameDataAndVehicleTests.cs(213,26): error CS0246: The type or namespace name 'Bus' could not be found (are you missing a using directive or an assembly reference?)
Assets/Tests/EditMode/GameDataAndVehicleTests.cs(213,32): error CS0103: The name 'CarType' does not exist in the current context
Assets/Tests/EditMode/GameDataAndVehicleTests.cs(214,26): error CS0246: The type or namespace name 'Car' could not be found (are you missing a using directive or an assembly reference?)
Assets/Tests/EditMode/GameDataAndVehicleTests.cs(214,32): error CS0103: The name 'CarType' does not exist in the current context
Assets/Tests/EditMode/GameDataAndVehicleTests.cs(215,26): error CS0246: The type or namespace name 'Truck' could not be found (are you missing a using directive or an assembly reference?)
Assets/Tests/EditMode/GameDataAndVehicleTests.cs(215,34): error CS0103: The name 'CarType' does not exist in the current context
Assets/Tests/EditMode/GameDataAndVehicleTests.cs(230,26): error CS0246: The type or namespace name 'Bus' could not be found (are you missing a using directive or an assembly reference?)
Assets/Tests/EditMode/GameDataAndVehicleTests.cs(231,26): error CS0246: The type or namespace name 'Car' could not be found (are you missing a using directive or an assembly reference?)
Assets/Tests/EditMode/GameDataAndVehicleTests.cs(232,26): error CS0246: The type or namespace name 'Truck' could not be found (are you missing a using directive or an assembly reference?)
Assets/Tests/EditMode/GameDataAndVehicleTests.cs(256,26): error CS0246: The type or namespace name 'Bus' could not be found (are you missing a using directive or an assembly reference?)
Assets/Tests/EditMode/GameDataAndVehicleTests.cs(257,26): error CS0246: The type or namespace name 'Car' could not be found (are you missing a using directive or an assembly reference?)
Assets/Tests/EditMode/GameDataAndVehicleTests.cs(258,26): error CS0246: The type or namespace name 'Truck' could not be found (are you missing a using directive or an assembly reference?)
Assets/Tests/EditMode/GameDataAndVehicleTests.cs(280,26): error CS0246: The type or namespace name 'Bus' could not be found (are you missing a using directive or an assembly reference?)
Assets/Tests/EditMode/GameDataAndVehicleTests.cs(281,26): error CS0246: The type or namespace name 'Car' could not be found (are you missing a using directive or an assembly reference?)
Assets/Tests/EditMode/GameDataAndVehicleTests.cs(282,26): error CS0246: The type or namespace name 'Truck' could not be found (are you missing a using directive or an assembly reference?)
*** Tundra build failed (2.14 seconds), 9 items updated, 645 evaluated
## Script Compilation Error for: Csc Library/Bee/artifacts/200b0aE.dag/MiniTransportTycoon.EditModeTests.dll (+2 others)
## CmdLine: "/Applications/Unity/Hub/Editor/2022.3.62f3/Unity.app/Contents/NetCoreRuntime/dotnet" exec "/Applications/Unity/Hub/Editor/2022.3.62f3/Unity.app/Contents/DotNetSdkRoslyn/csc.dll" /nostdlib /noconfig /shared "@Library/Bee/artifacts/200b0aE.dag/MiniTransportTycoon.EditModeTests.rsp" "@Library/Bee/artifacts/200b0aE.dag/MiniTransportTycoon.EditModeTests.rsp2"
## Output:
Assets/Tests/EditMode/GameDataAndVehicleTests.cs(10,18): error CS0060: Inconsistent accessibility: base class 'EditModeTestBase' is less accessible than class 'GameDataAndVehicleTests'
Assets/Tests/EditMode/UiAndMenuTests.cs(9,18): error CS0060: Inconsistent accessibility: base class 'EditModeTestBase' is less accessible than class 'UiAndMenuTests'
Assets/Tests/EditMode/TestSupport.cs(213,41): error CS0246: The type or namespace name 'Vehicle' could not be found (are you missing a using directive or an assembly reference?)
Assets/Tests/EditMode/GameDataAndVehicleTests.cs(216,94): error CS0246: The type or namespace name 'CarType' could not be found (are you missing a using directive or an assembly reference?)
Assets/Tests/EditMode/GameDataAndVehicleTests.cs(302,17): error CS0246: The type or namespace name 'Vehicle' could not be found (are you missing a using directive or an assembly reference?)
Assets/Tests/EditMode/GameDataAndVehicleTests.cs(213,26): error CS0246: The type or namespace name 'Bus' could not be found (are you missing a using directive or an assembly reference?)
Assets/Tests/EditMode/GameDataAndVehicleTests.cs(213,32): error CS0103: The name 'CarType' does not exist in the current context
Assets/Tests/EditMode/GameDataAndVehicleTests.cs(214,26): error CS0246: The type or namespace name 'Car' could not be found (are you missing a using directive or an assembly reference?)
Assets/Tests/EditMode/GameDataAndVehicleTests.cs(214,32): error CS0103: The name 'CarType' does not exist in the current context
Assets/Tests/EditMode/GameDataAndVehicleTests.cs(215,26): error CS0246: The type or namespace name 'Truck' could not be found (are you missing a using directive or an assembly reference?)
Assets/Tests/EditMode/GameDataAndVehicleTests.cs(215,34): error CS0103: The name 'CarType' does not exist in the current context
Assets/Tests/EditMode/GameDataAndVehicleTests.cs(230,26): error CS0246: The type or namespace name 'Bus' could not be found (are you missing a using directive or an assembly reference?)
Assets/Tests/EditMode/GameDataAndVehicleTests.cs(231,26): error CS0246: The type or namespace name 'Car' could not be found (are you missing a using directive or an assembly reference?)
Assets/Tests/EditMode/GameDataAndVehicleTests.cs(232,26): error CS0246: The type or namespace name 'Truck' could not be found (are you missing a using directive or an assembly reference?)
Assets/Tests/EditMode/GameDataAndVehicleTests.cs(256,26): error CS0246: The type or namespace name 'Bus' could not be found (are you missing a using directive or an assembly reference?)
Assets/Tests/EditMode/GameDataAndVehicleTests.cs(257,26): error CS0246: The type or namespace name 'Car' could not be found (are you missing a using directive or an assembly reference?)
Assets/Tests/EditMode/GameDataAndVehicleTests.cs(258,26): error CS0246: The type or namespace name 'Truck' could not be found (are you missing a using directive or an assembly reference?)
Assets/Tests/EditMode/GameDataAndVehicleTests.cs(280,26): error CS0246: The type or namespace name 'Bus' could not be found (are you missing a using directive or an assembly reference?)
Assets/Tests/EditMode/GameDataAndVehicleTests.cs(281,26): error CS0246: The type or namespace name 'Car' could not be found (are you missing a using directive or an assembly reference?)
Assets/Tests/EditMode/GameDataAndVehicleTests.cs(282,26): error CS0246: The type or namespace name 'Truck' could not be found (are you missing a using directive or an assembly reference?)

Assets/Tests/EditMode/GameDataAndVehicleTests.cs(10,18): error CS0060: Inconsistent accessibility: base class 'EditModeTestBase' is less accessible than class 'GameDataAndVehicleTests'
Assets/Tests/EditMode/UiAndMenuTests.cs(9,18): error CS0060: Inconsistent accessibility: base class 'EditModeTestBase' is less accessible than class 'UiAndMenuTests'
Assets/Tests/EditMode/TestSupport.cs(213,41): error CS0246: The type or namespace name 'Vehicle' could not be found (are you missing a using directive or an assembly reference?)
Assets/Tests/EditMode/GameDataAndVehicleTests.cs(216,94): error CS0246: The type or namespace name 'CarType' could not be found (are you missing a using directive or an assembly reference?)
Assets/Tests/EditMode/GameDataAndVehicleTests.cs(302,17): error CS0246: The type or namespace name 'Vehicle' could not be found (are you missing a using directive or an assembly reference?)
Assets/Tests/EditMode/GameDataAndVehicleTests.cs(213,26): error CS0246: The type or namespace name 'Bus' could not be found (are you missing a using directive or an assembly reference?)
Assets/Tests/EditMode/GameDataAndVehicleTests.cs(213,32): error CS0103: The name 'CarType' does not exist in the current context
Assets/Tests/EditMode/GameDataAndVehicleTests.cs(214,26): error CS0246: The type or namespace name 'Car' could not be found (are you missing a using directive or an assembly reference?)
Assets/Tests/EditMode/GameDataAndVehicleTests.cs(214,32): error CS0103: The name 'CarType' does not exist in the current context
Assets/Tests/EditMode/GameDataAndVehicleTests.cs(215,26): error CS0246: The type or namespace name 'Truck' could not be found (are you missing a using directive or an assembly reference?)
Assets/Tests/EditMode/GameDataAndVehicleTests.cs(215,34): error CS0103: The name 'CarType' does not exist in the current context
Assets/Tests/EditMode/GameDataAndVehicleTests.cs(230,26): error CS0246: The type or namespace name 'Bus' could not be found (are you missing a using directive or an assembly reference?)
Assets/Tests/EditMode/GameDataAndVehicleTests.cs(231,26): error CS0246: The type or namespace name 'Car' could not be found (are you missing a using directive or an assembly reference?)
Assets/Tests/EditMode/GameDataAndVehicleTests.cs(232,26): error CS0246: The type or namespace name 'Truck' could not be found (are you missing a using directive or an assembly reference?)
Assets/Tests/EditMode/GameDataAndVehicleTests.cs(256,26): error CS0246: The type or namespace name 'Bus' could not be found (are you missing a using directive or an assembly reference?)
Assets/Tests/EditMode/GameDataAndVehicleTests.cs(257,26): error CS0246: The type or namespace name 'Car' could not be found (are you missing a using directive or an assembly reference?)
Assets/Tests/EditMode/GameDataAndVehicleTests.cs(258,26): error CS0246: The type or namespace name 'Truck' could not be found (are you missing a using directive or an assembly reference?)
Assets/Tests/EditMode/GameDataAndVehicleTests.cs(280,26): error CS0246: The type or namespace name 'Bus' could not be found (are you missing a using directive or an assembly reference?)
Assets/Tests/EditMode/GameDataAndVehicleTests.cs(281,26): error CS0246: The type or namespace name 'Car' could not be found (are you missing a using directive or an assembly reference?)
Assets/Tests/EditMode/GameDataAndVehicleTests.cs(282,26): error CS0246: The type or namespace name 'Truck' could not be found (are you missing a using directive or an assembly reference?)
AssetDatabase: script compilation time: 3.868236s
Scripts have compiler errors.
Total cache size 168198728
Total cache size after purge 168198728
[Package Manager] Server::Kill -- Server was shutdown
[40m[32minfo[39m[22m[49m: Microsoft.Hosting.Lifetime[0]
      Application is shutting down...
